# JRE version: Java(TM) SE Runtime Environment (17.0.8+9) (build 17.0.8+9-LTS-211)
# Java VM: Java HotSpot(TM) 64-Bit Server VM (17.0.8+9-LTS-211, mixed mode, sharing, tiered, compressed oops, compressed class ptrs, g1 gc, windows-amd64)
GC Precious Log:
 CPUs: 8 total, 8 available
 Memory: 8029M
 Large Page Support: Disabled
 NUMA Support: Disabled
 Compressed Oops: Enabled (32-bit)
 Heap Region Size: 1M
 Heap Min Capacity: 8M
 Heap Initial Capacity: 126M
 Heap Max Capacity: 2G
 Pre-touch: Disabled
 Parallel Workers: 8
 Concurrent Workers: 2
 Concurrent Refinement Workers: 8
 Periodic GC: Disabled
Heap:
 garbage-first heap   total 214016K, used 180978K [0x0000000080000000, 0x0000000100000000)
  region size 1024K, 22 young (22528K), 4 survivors (4096K)
 Metaspace       used 95138K, committed 96128K, reserved 557056K
  class space    used 13147K, committed 13632K, reserved 425984K
GC Heap History (20 events):
Event: 119.937 GC heap before
{Heap before GC invocations=49 (full 0):
 garbage-first heap   total 155648K, used 135173K [0x0000000080000000, 0x0000000100000000)
  region size 1024K, 30 young (30720K), 6 survivors (6144K)
 Metaspace       used 84163K, committed 84928K, reserved 557056K
  class space    used 11668K, committed 12032K, reserved 425984K
}
Event: 120.005 GC heap after
{Heap after GC invocations=50 (full 0):
 garbage-first heap   total 155648K, used 118490K [0x0000000080000000, 0x0000000100000000)
  region size 1024K, 4 young (4096K), 4 survivors (4096K)
 Metaspace       used 84163K, committed 84928K, reserved 557056K
  class space    used 11668K, committed 12032K, reserved 425984K
}
Event: 120.951 GC heap before
{Heap before GC invocations=51 (full 0):
 garbage-first heap   total 214016K, used 128730K [0x0000000080000000, 0x0000000100000000)
  region size 1024K, 14 young (14336K), 4 survivors (4096K)
 Metaspace       used 84714K, committed 85568K, reserved 557056K
  class space    used 11747K, committed 12160K, reserved 425984K
}
Event: 120.958 GC heap after
{Heap after GC invocations=52 (full 0):
 garbage-first heap   total 214016K, used 120811K [0x0000000080000000, 0x0000000100000000)
  region size 1024K, 2 young (2048K), 2 survivors (2048K)
 Metaspace       used 84714K, committed 85568K, reserved 557056K
  class space    used 11747K, committed 12160K, reserved 425984K
}
Event: 121.458 GC heap before
{Heap before GC invocations=52 (full 0):
 garbage-first heap   total 214016K, used 129003K [0x0000000080000000, 0x0000000100000000)
  region size 1024K, 10 young (10240K), 2 survivors (2048K)
 Metaspace       used 84945K, committed 85760K, reserved 557056K
  class space    used 11772K, committed 12160K, reserved 425984K
}
Event: 121.466 GC heap after
{Heap after GC invocations=53 (full 0):
 garbage-first heap   total 214016K, used 121465K [0x0000000080000000, 0x0000000100000000)
  region size 1024K, 2 young (2048K), 2 survivors (2048K)
 Metaspace       used 84945K, committed 85760K, reserved 557056K
  class space    used 11772K, committed 12160K, reserved 425984K
}
Event: 123.886 GC heap before
{Heap before GC invocations=53 (full 0):
 garbage-first heap   total 214016K, used 175737K [0x0000000080000000, 0x0000000100000000)
  region size 1024K, 48 young (49152K), 2 survivors (2048K)
 Metaspace       used 87176K, committed 88064K, reserved 557056K
  class space    used 12057K, committed 12480K, reserved 425984K
}
Event: 123.893 GC heap after
{Heap after GC invocations=54 (full 0):
 garbage-first heap   total 214016K, used 135694K [0x0000000080000000, 0x0000000100000000)
  region size 1024K, 6 young (6144K), 6 survivors (6144K)
 Metaspace       used 87176K, committed 88064K, reserved 557056K
  class space    used 12057K, committed 12480K, reserved 425984K
}
Event: 125.273 GC heap before
{Heap before GC invocations=54 (full 0):
 garbage-first heap   total 214016K, used 172558K [0x0000000080000000, 0x0000000100000000)
  region size 1024K, 41 young (41984K), 6 survivors (6144K)
 Metaspace       used 88067K, committed 88960K, reserved 557056K
  class space    used 12174K, committed 12608K, reserved 425984K
}
Event: 125.280 GC heap after
{Heap after GC invocations=55 (full 0):
 garbage-first heap   total 214016K, used 145141K [0x0000000080000000, 0x0000000100000000)
  region size 1024K, 6 young (6144K), 6 survivors (6144K)
 Metaspace       used 88067K, committed 88960K, reserved 557056K
  class space    used 12174K, committed 12608K, reserved 425984K
}
Event: 126.530 GC heap before
{Heap before GC invocations=55 (full 0):
 garbage-first heap   total 214016K, used 173813K [0x0000000080000000, 0x0000000100000000)
  region size 1024K, 34 young (34816K), 6 survivors (6144K)
 Metaspace       used 89138K, committed 89984K, reserved 557056K
  class space    used 12353K, committed 12736K, reserved 425984K
}
Event: 126.548 GC heap after
{Heap after GC invocations=56 (full 0):
 garbage-first heap   total 214016K, used 150215K [0x0000000080000000, 0x0000000100000000)
  region size 1024K, 5 young (5120K), 5 survivors (5120K)
 Metaspace       used 89138K, committed 89984K, reserved 557056K
  class space    used 12353K, committed 12736K, reserved 425984K
}
Event: 127.204 GC heap before
{Heap before GC invocations=56 (full 0):
 garbage-first heap   total 214016K, used 176839K [0x0000000080000000, 0x0000000100000000)
  region size 1024K, 31 young (31744K), 5 survivors (5120K)
 Metaspace       used 90619K, committed 91520K, reserved 557056K
  class space    used 12557K, committed 12992K, reserved 425984K
}
Event: 127.211 GC heap after
{Heap after GC invocations=57 (full 0):
 garbage-first heap   total 214016K, used 151834K [0x0000000080000000, 0x0000000100000000)
  region size 1024K, 2 young (2048K), 2 survivors (2048K)
 Metaspace       used 90619K, committed 91520K, reserved 557056K
  class space    used 12557K, committed 12992K, reserved 425984K
}
Event: 127.961 GC heap before
{Heap before GC invocations=57 (full 0):
 garbage-first heap   total 214016K, used 178458K [0x0000000080000000, 0x0000000100000000)
  region size 1024K, 28 young (28672K), 2 survivors (2048K)
 Metaspace       used 92345K, committed 93184K, reserved 557056K
  class space    used 12796K, committed 13184K, reserved 425984K
}
Event: 127.965 GC heap after
{Heap after GC invocations=58 (full 0):
 garbage-first heap   total 214016K, used 153431K [0x0000000080000000, 0x0000000100000000)
  region size 1024K, 4 young (4096K), 4 survivors (4096K)
 Metaspace       used 92345K, committed 93184K, reserved 557056K
  class space    used 12796K, committed 13184K, reserved 425984K
}
Event: 128.877 GC heap before
{Heap before GC invocations=58 (full 0):
 garbage-first heap   total 214016K, used 180055K [0x0000000080000000, 0x0000000100000000)
  region size 1024K, 30 young (30720K), 4 survivors (4096K)
 Metaspace       used 93381K, committed 94336K, reserved 557056K
  class space    used 12936K, committed 13376K, reserved 425984K
}
Event: 128.884 GC heap after
{Heap after GC invocations=59 (full 0):
 garbage-first heap   total 214016K, used 157025K [0x0000000080000000, 0x0000000100000000)
  region size 1024K, 4 young (4096K), 4 survivors (4096K)
 Metaspace       used 93381K, committed 94336K, reserved 557056K
  class space    used 12936K, committed 13376K, reserved 425984K
}
Event: 130.745 GC heap before
{Heap before GC invocations=59 (full 0):
 garbage-first heap   total 214016K, used 181601K [0x0000000080000000, 0x0000000100000000)
  region size 1024K, 28 young (28672K), 4 survivors (4096K)
 Metaspace       used 94281K, committed 95232K, reserved 557056K
  class space    used 13034K, committed 13440K, reserved 425984K
}
Event: 130.757 GC heap after
{Heap after GC invocations=60 (full 0):
 garbage-first heap   total 214016K, used 163570K [0x0000000080000000, 0x0000000100000000)
  region size 1024K, 4 young (4096K), 4 survivors (4096K)
 Metaspace       used 94281K, committed 95232K, reserved 557056K
  class space    used 13034K, committed 13440K, reserved 425984K
}

