# JRE version: Java(TM) SE Runtime Environment (17.0.8+9) (build 17.0.8+9-LTS-211)
# Java VM: Java HotSpot(TM) 64-Bit Server VM (17.0.8+9-LTS-211, mixed mode, sharing, tiered, compressed oops, compressed class ptrs, g1 gc, windows-amd64)
GC Precious Log:
 CPUs: 8 total, 8 available
 Memory: 8029M
 Large Page Support: Disabled
 NUMA Support: Disabled
 Compressed Oops: Enabled (32-bit)
 Heap Region Size: 1M
 Heap Min Capacity: 8M
 Heap Initial Capacity: 126M
 Heap Max Capacity: 2G
 Pre-touch: Disabled
 Parallel Workers: 8
 Concurrent Workers: 2
 Concurrent Refinement Workers: 8
 Periodic GC: Disabled
Heap:
 garbage-first heap   total 247808K, used 197646K [0x0000000080000000, 0x0000000100000000)
  region size 1024K, 53 young (54272K), 7 survivors (7168K)
 Metaspace       used 93220K, committed 94208K, reserved 557056K
  class space    used 12917K, committed 13376K, reserved 425984K
GC Heap History (20 events):
Event: 80.607 GC heap before
{Heap before GC invocations=33 (full 0):
 garbage-first heap   total 193536K, used 146446K [0x0000000080000000, 0x0000000100000000)
  region size 1024K, 72 young (73728K), 3 survivors (3072K)
 Metaspace       used 73255K, committed 73920K, reserved 491520K
  class space    used 9993K, committed 10304K, reserved 425984K
}
Event: 80.615 GC heap after
{Heap after GC invocations=34 (full 0):
 garbage-first heap   total 193536K, used 74775K [0x0000000080000000, 0x0000000100000000)
  region size 1024K, 9 young (9216K), 9 survivors (9216K)
 Metaspace       used 73255K, committed 73920K, reserved 491520K
  class space    used 9993K, committed 10304K, reserved 425984K
}
Event: 102.153 GC heap before
{Heap before GC invocations=34 (full 0):
 garbage-first heap   total 193536K, used 142359K [0x0000000080000000, 0x0000000100000000)
  region size 1024K, 75 young (76800K), 9 survivors (9216K)
 Metaspace       used 76943K, committed 77696K, reserved 557056K
  class space    used 10600K, committed 10944K, reserved 425984K
}
Event: 102.233 GC heap after
{Heap after GC invocations=35 (full 0):
 garbage-first heap   total 193536K, used 80298K [0x0000000080000000, 0x0000000100000000)
  region size 1024K, 6 young (6144K), 6 survivors (6144K)
 Metaspace       used 76943K, committed 77696K, reserved 557056K
  class space    used 10600K, committed 10944K, reserved 425984K
}
Event: 107.355 GC heap before
{Heap before GC invocations=35 (full 0):
 garbage-first heap   total 193536K, used 146858K [0x0000000080000000, 0x0000000100000000)
  region size 1024K, 71 young (72704K), 6 survivors (6144K)
 Metaspace       used 81327K, committed 82112K, reserved 557056K
  class space    used 11290K, committed 11648K, reserved 425984K
}
Event: 107.374 GC heap after
{Heap after GC invocations=36 (full 0):
 garbage-first heap   total 193536K, used 87426K [0x0000000080000000, 0x0000000100000000)
  region size 1024K, 7 young (7168K), 7 survivors (7168K)
 Metaspace       used 81327K, committed 82112K, reserved 557056K
  class space    used 11290K, committed 11648K, reserved 425984K
}
Event: 118.190 GC heap before
{Heap before GC invocations=36 (full 0):
 garbage-first heap   total 193536K, used 153986K [0x0000000080000000, 0x0000000100000000)
  region size 1024K, 69 young (70656K), 7 survivors (7168K)
 Metaspace       used 82692K, committed 83520K, reserved 557056K
  class space    used 11472K, committed 11840K, reserved 425984K
}
Event: 118.484 GC heap after
{Heap after GC invocations=37 (full 0):
 garbage-first heap   total 193536K, used 102784K [0x0000000080000000, 0x0000000100000000)
  region size 1024K, 9 young (9216K), 9 survivors (9216K)
 Metaspace       used 82692K, committed 83520K, reserved 557056K
  class space    used 11472K, committed 11840K, reserved 425984K
}
Event: 123.668 GC heap before
{Heap before GC invocations=37 (full 0):
 garbage-first heap   total 193536K, used 161152K [0x0000000080000000, 0x0000000100000000)
  region size 1024K, 57 young (58368K), 9 survivors (9216K)
 Metaspace       used 85042K, committed 85888K, reserved 557056K
  class space    used 11765K, committed 12160K, reserved 425984K
}
Event: 123.710 GC heap after
{Heap after GC invocations=38 (full 0):
 garbage-first heap   total 193536K, used 121208K [0x0000000080000000, 0x0000000100000000)
  region size 1024K, 8 young (8192K), 8 survivors (8192K)
 Metaspace       used 85042K, committed 85888K, reserved 557056K
  class space    used 11765K, committed 12160K, reserved 425984K
}
Event: 125.733 GC heap before
{Heap before GC invocations=38 (full 0):
 garbage-first heap   total 193536K, used 163192K [0x0000000080000000, 0x0000000100000000)
  region size 1024K, 43 young (44032K), 8 survivors (8192K)
 Metaspace       used 86910K, committed 87808K, reserved 557056K
  class space    used 12002K, committed 12416K, reserved 425984K
}
Event: 125.744 GC heap after
{Heap after GC invocations=39 (full 0):
 garbage-first heap   total 193536K, used 135745K [0x0000000080000000, 0x0000000100000000)
  region size 1024K, 6 young (6144K), 6 survivors (6144K)
 Metaspace       used 86910K, committed 87808K, reserved 557056K
  class space    used 12002K, committed 12416K, reserved 425984K
}
Event: 127.358 GC heap before
{Heap before GC invocations=39 (full 0):
 garbage-first heap   total 193536K, used 159297K [0x0000000080000000, 0x0000000100000000)
  region size 1024K, 29 young (29696K), 6 survivors (6144K)
 Metaspace       used 88033K, committed 88960K, reserved 557056K
  class space    used 12157K, committed 12608K, reserved 425984K
}
Event: 127.379 GC heap after
{Heap after GC invocations=40 (full 0):
 garbage-first heap   total 193536K, used 139541K [0x0000000080000000, 0x0000000100000000)
  region size 1024K, 4 young (4096K), 4 survivors (4096K)
 Metaspace       used 88033K, committed 88960K, reserved 557056K
  class space    used 12157K, committed 12608K, reserved 425984K
}
Event: 128.192 GC heap before
{Heap before GC invocations=41 (full 0):
 garbage-first heap   total 247808K, used 158997K [0x0000000080000000, 0x0000000100000000)
  region size 1024K, 22 young (22528K), 4 survivors (4096K)
 Metaspace       used 88081K, committed 89024K, reserved 557056K
  class space    used 12164K, committed 12608K, reserved 425984K
}
Event: 128.215 GC heap after
{Heap after GC invocations=42 (full 0):
 garbage-first heap   total 247808K, used 145833K [0x0000000080000000, 0x0000000100000000)
  region size 1024K, 3 young (3072K), 3 survivors (3072K)
 Metaspace       used 88081K, committed 89024K, reserved 557056K
  class space    used 12164K, committed 12608K, reserved 425984K
}
Event: 128.573 GC heap before
{Heap before GC invocations=42 (full 0):
 garbage-first heap   total 247808K, used 154025K [0x0000000080000000, 0x0000000100000000)
  region size 1024K, 12 young (12288K), 3 survivors (3072K)
 Metaspace       used 88202K, committed 89152K, reserved 557056K
  class space    used 12184K, committed 12608K, reserved 425984K
}
Event: 128.585 GC heap after
{Heap after GC invocations=43 (full 0):
 garbage-first heap   total 247808K, used 147108K [0x0000000080000000, 0x0000000100000000)
  region size 1024K, 2 young (2048K), 2 survivors (2048K)
 Metaspace       used 88202K, committed 89152K, reserved 557056K
  class space    used 12184K, committed 12608K, reserved 425984K
}
Event: 131.493 GC heap before
{Heap before GC invocations=43 (full 0):
 garbage-first heap   total 247808K, used 197284K [0x0000000080000000, 0x0000000100000000)
  region size 1024K, 51 young (52224K), 2 survivors (2048K)
 Metaspace       used 90623K, committed 91520K, reserved 557056K
  class space    used 12556K, committed 12992K, reserved 425984K
}
Event: 131.504 GC heap after
{Heap after GC invocations=44 (full 0):
 garbage-first heap   total 247808K, used 151566K [0x0000000080000000, 0x0000000100000000)
  region size 1024K, 7 young (7168K), 7 survivors (7168K)
 Metaspace       used 90623K, committed 91520K, reserved 557056K
  class space    used 12556K, committed 12992K, reserved 425984K
}

