# JRE version: Java(TM) SE Runtime Environment (17.0.8+9) (build 17.0.8+9-LTS-211)
# Java VM: Java HotSpot(TM) 64-Bit Server VM (17.0.8+9-LTS-211, mixed mode, sharing, tiered, compressed oops, compressed class ptrs, g1 gc, windows-amd64)
GC Precious Log:
 CPUs: 8 total, 8 available
 Memory: 8029M
 Large Page Support: Disabled
 NUMA Support: Disabled
 Compressed Oops: Enabled (32-bit)
 Heap Region Size: 1M
 Heap Min Capacity: 8M
 Heap Initial Capacity: 126M
 Heap Max Capacity: 2G
 Pre-touch: Disabled
 Parallel Workers: 8
 Concurrent Workers: 2
 Concurrent Refinement Workers: 8
 Periodic GC: Disabled
Heap:
 garbage-first heap   total 402432K, used 285356K [0x0000000080000000, 0x0000000100000000)
  region size 1024K, 39 young (39936K), 13 survivors (13312K)
 Metaspace       used 107608K, committed 109056K, reserved 557056K
  class space    used 14585K, committed 15296K, reserved 425984K
GC Heap History (20 events):
Event: 37.009 GC heap before
{Heap before GC invocations=47 (full 0):
 garbage-first heap   total 334848K, used 239616K [0x0000000080000000, 0x0000000100000000)
  region size 1024K, 52 young (53248K), 7 survivors (7168K)
 Metaspace       used 101458K, committed 102656K, reserved 557056K
  class space    used 14025K, committed 14592K, reserved 425984K
}
Event: 37.030 GC heap after
{Heap after GC invocations=48 (full 0):
 garbage-first heap   total 334848K, used 202174K [0x0000000080000000, 0x0000000100000000)
  region size 1024K, 7 young (7168K), 7 survivors (7168K)
 Metaspace       used 101458K, committed 102656K, reserved 557056K
  class space    used 14025K, committed 14592K, reserved 425984K
}
Event: 37.136 GC heap before
{Heap before GC invocations=48 (full 0):
 garbage-first heap   total 334848K, used 211390K [0x0000000080000000, 0x0000000100000000)
  region size 1024K, 16 young (16384K), 7 survivors (7168K)
 Metaspace       used 101503K, committed 102720K, reserved 557056K
  class space    used 14025K, committed 14592K, reserved 425984K
}
Event: 37.154 GC heap after
{Heap after GC invocations=49 (full 0):
 garbage-first heap   total 334848K, used 178046K [0x0000000080000000, 0x0000000100000000)
  region size 1024K, 2 young (2048K), 2 survivors (2048K)
 Metaspace       used 101503K, committed 102720K, reserved 557056K
  class space    used 14025K, committed 14592K, reserved 425984K
}
Event: 37.352 GC heap before
{Heap before GC invocations=49 (full 0):
 garbage-first heap   total 334848K, used 192382K [0x0000000080000000, 0x0000000100000000)
  region size 1024K, 16 young (16384K), 2 survivors (2048K)
 Metaspace       used 101589K, committed 102848K, reserved 557056K
  class space    used 14031K, committed 14592K, reserved 425984K
}
Event: 37.359 GC heap after
{Heap after GC invocations=50 (full 0):
 garbage-first heap   total 334848K, used 180522K [0x0000000080000000, 0x0000000100000000)
  region size 1024K, 2 young (2048K), 2 survivors (2048K)
 Metaspace       used 101589K, committed 102848K, reserved 557056K
  class space    used 14031K, committed 14592K, reserved 425984K
}
Event: 39.218 GC heap before
{Heap before GC invocations=50 (full 0):
 garbage-first heap   total 334848K, used 262442K [0x0000000080000000, 0x0000000100000000)
  region size 1024K, 83 young (84992K), 2 survivors (2048K)
 Metaspace       used 102787K, committed 104000K, reserved 557056K
  class space    used 14155K, committed 14720K, reserved 425984K
}
Event: 39.235 GC heap after
{Heap after GC invocations=51 (full 0):
 garbage-first heap   total 402432K, used 191342K [0x0000000080000000, 0x0000000100000000)
  region size 1024K, 11 young (11264K), 11 survivors (11264K)
 Metaspace       used 102787K, committed 104000K, reserved 557056K
  class space    used 14155K, committed 14720K, reserved 425984K
}
Event: 41.083 GC heap before
{Heap before GC invocations=51 (full 0):
 garbage-first heap   total 402432K, used 322414K [0x0000000080000000, 0x0000000100000000)
  region size 1024K, 128 young (131072K), 11 survivors (11264K)
 Metaspace       used 103069K, committed 104320K, reserved 557056K
  class space    used 14166K, committed 14784K, reserved 425984K
}
Event: 41.108 GC heap after
{Heap after GC invocations=52 (full 0):
 garbage-first heap   total 402432K, used 203400K [0x0000000080000000, 0x0000000100000000)
  region size 1024K, 8 young (8192K), 8 survivors (8192K)
 Metaspace       used 103069K, committed 104320K, reserved 557056K
  class space    used 14166K, committed 14784K, reserved 425984K
}
Event: 43.069 GC heap before
{Heap before GC invocations=52 (full 0):
 garbage-first heap   total 402432K, used 330376K [0x0000000080000000, 0x0000000100000000)
  region size 1024K, 121 young (123904K), 8 survivors (8192K)
 Metaspace       used 103921K, committed 105152K, reserved 557056K
  class space    used 14261K, committed 14848K, reserved 425984K
}
Event: 43.089 GC heap after
{Heap after GC invocations=53 (full 0):
 garbage-first heap   total 402432K, used 209546K [0x0000000080000000, 0x0000000100000000)
  region size 1024K, 16 young (16384K), 16 survivors (16384K)
 Metaspace       used 103921K, committed 105152K, reserved 557056K
  class space    used 14261K, committed 14848K, reserved 425984K
}
Event: 45.249 GC heap before
{Heap before GC invocations=53 (full 0):
 garbage-first heap   total 402432K, used 333450K [0x0000000080000000, 0x0000000100000000)
  region size 1024K, 126 young (129024K), 16 survivors (16384K)
 Metaspace       used 104192K, committed 105472K, reserved 557056K
  class space    used 14292K, committed 14912K, reserved 425984K
}
Event: 45.291 GC heap after
{Heap after GC invocations=54 (full 0):
 garbage-first heap   total 402432K, used 217836K [0x0000000080000000, 0x0000000100000000)
  region size 1024K, 8 young (8192K), 8 survivors (8192K)
 Metaspace       used 104192K, committed 105472K, reserved 557056K
  class space    used 14292K, committed 14912K, reserved 425984K
}
Event: 328.404 GC heap before
{Heap before GC invocations=54 (full 0):
 garbage-first heap   total 402432K, used 330476K [0x0000000080000000, 0x0000000100000000)
  region size 1024K, 115 young (117760K), 8 survivors (8192K)
 Metaspace       used 106576K, committed 107904K, reserved 557056K
  class space    used 14502K, committed 15104K, reserved 425984K
}
Event: 328.682 GC heap after
{Heap after GC invocations=55 (full 0):
 garbage-first heap   total 402432K, used 225280K [0x0000000080000000, 0x0000000100000000)
  region size 1024K, 15 young (15360K), 15 survivors (15360K)
 Metaspace       used 106576K, committed 107904K, reserved 557056K
  class space    used 14502K, committed 15104K, reserved 425984K
}
Event: 370.720 GC heap before
{Heap before GC invocations=55 (full 0):
 garbage-first heap   total 402432K, used 330752K [0x0000000080000000, 0x0000000100000000)
  region size 1024K, 119 young (121856K), 15 survivors (15360K)
 Metaspace       used 107037K, committed 108480K, reserved 557056K
  class space    used 14547K, committed 15232K, reserved 425984K
}
Event: 370.918 GC heap after
{Heap after GC invocations=56 (full 0):
 garbage-first heap   total 402432K, used 243086K [0x0000000080000000, 0x0000000100000000)
  region size 1024K, 15 young (15360K), 15 survivors (15360K)
 Metaspace       used 107037K, committed 108480K, reserved 557056K
  class space    used 14547K, committed 15232K, reserved 425984K
}
Event: 403.002 GC heap before
{Heap before GC invocations=56 (full 0):
 garbage-first heap   total 402432K, used 330126K [0x0000000080000000, 0x0000000100000000)
  region size 1024K, 100 young (102400K), 15 survivors (15360K)
 Metaspace       used 107509K, committed 108928K, reserved 557056K
  class space    used 14580K, committed 15296K, reserved 425984K
}
Event: 403.414 GC heap after
{Heap after GC invocations=57 (full 0):
 garbage-first heap   total 402432K, used 259756K [0x0000000080000000, 0x0000000100000000)
  region size 1024K, 13 young (13312K), 13 survivors (13312K)
 Metaspace       used 107509K, committed 108928K, reserved 557056K
  class space    used 14580K, committed 15296K, reserved 425984K
}

