# JRE version: Java(TM) SE Runtime Environment (17.0.8+9) (build 17.0.8+9-LTS-211)
# Java VM: Java HotSpot(TM) 64-Bit Server VM (17.0.8+9-LTS-211, mixed mode, sharing, tiered, compressed oops, compressed class ptrs, g1 gc, windows-amd64)
GC Precious Log:
 CPUs: 8 total, 8 available
 Memory: 8029M
 Large Page Support: Disabled
 NUMA Support: Disabled
 Compressed Oops: Enabled (32-bit)
 Heap Region Size: 1M
 Heap Min Capacity: 8M
 Heap Initial Capacity: 126M
 Heap Max Capacity: 2G
 Pre-touch: Disabled
 Parallel Workers: 8
 Concurrent Workers: 2
 Concurrent Refinement Workers: 8
 Periodic GC: Disabled
Heap:
 garbage-first heap   total 129024K, used 55487K [0x0000000080000000, 0x0000000100000000)
  region size 1024K, 3 young (3072K), 3 survivors (3072K)
 Metaspace       used 58575K, committed 59200K, reserved 491520K
  class space    used 8146K, committed 8448K, reserved 425984K
GC Heap History (20 events):
Event: 52.242 GC heap after
{Heap after GC invocations=17 (full 0):
 garbage-first heap   total 81920K, used 47097K [0x0000000080000000, 0x0000000100000000)
  region size 1024K, 1 young (1024K), 1 survivors (1024K)
 Metaspace       used 46015K, committed 46528K, reserved 491520K
  class space    used 6378K, committed 6592K, reserved 425984K
}
Event: 53.725 GC heap before
{Heap before GC invocations=17 (full 0):
 garbage-first heap   total 81920K, used 66553K [0x0000000080000000, 0x0000000100000000)
  region size 1024K, 20 young (20480K), 1 survivors (1024K)
 Metaspace       used 48092K, committed 48640K, reserved 491520K
  class space    used 6712K, committed 6976K, reserved 425984K
}
Event: 53.728 GC heap after
{Heap after GC invocations=18 (full 0):
 garbage-first heap   total 81920K, used 47679K [0x0000000080000000, 0x0000000100000000)
  region size 1024K, 1 young (1024K), 1 survivors (1024K)
 Metaspace       used 48092K, committed 48640K, reserved 491520K
  class space    used 6712K, committed 6976K, reserved 425984K
}
Event: 54.936 GC heap before
{Heap before GC invocations=19 (full 0):
 garbage-first heap   total 83968K, used 66111K [0x0000000080000000, 0x0000000100000000)
  region size 1024K, 19 young (19456K), 1 survivors (1024K)
 Metaspace       used 49967K, committed 50560K, reserved 491520K
  class space    used 6978K, committed 7232K, reserved 425984K
}
Event: 54.939 GC heap after
{Heap after GC invocations=20 (full 0):
 garbage-first heap   total 83968K, used 48858K [0x0000000080000000, 0x0000000100000000)
  region size 1024K, 3 young (3072K), 3 survivors (3072K)
 Metaspace       used 49967K, committed 50560K, reserved 491520K
  class space    used 6978K, committed 7232K, reserved 425984K
}
Event: 54.970 GC heap before
{Heap before GC invocations=20 (full 0):
 garbage-first heap   total 83968K, used 48858K [0x0000000080000000, 0x0000000100000000)
  region size 1024K, 4 young (4096K), 3 survivors (3072K)
 Metaspace       used 50074K, committed 50752K, reserved 491520K
  class space    used 6994K, committed 7296K, reserved 425984K
}
Event: 54.980 GC heap after
{Heap after GC invocations=21 (full 0):
 garbage-first heap   total 83968K, used 48204K [0x0000000080000000, 0x0000000100000000)
  region size 1024K, 1 young (1024K), 1 survivors (1024K)
 Metaspace       used 50074K, committed 50752K, reserved 491520K
  class space    used 6994K, committed 7296K, reserved 425984K
}
Event: 55.898 GC heap before
{Heap before GC invocations=21 (full 0):
 garbage-first heap   total 83968K, used 68684K [0x0000000080000000, 0x0000000100000000)
  region size 1024K, 21 young (21504K), 1 survivors (1024K)
 Metaspace       used 52759K, committed 53376K, reserved 491520K
  class space    used 7335K, committed 7616K, reserved 425984K
}
Event: 55.900 GC heap after
{Heap after GC invocations=22 (full 0):
 garbage-first heap   total 83968K, used 49344K [0x0000000080000000, 0x0000000100000000)
  region size 1024K, 2 young (2048K), 2 survivors (2048K)
 Metaspace       used 52759K, committed 53376K, reserved 491520K
  class space    used 7335K, committed 7616K, reserved 425984K
}
Event: 57.236 GC heap before
{Heap before GC invocations=23 (full 0):
 garbage-first heap   total 86016K, used 68800K [0x0000000080000000, 0x0000000100000000)
  region size 1024K, 21 young (21504K), 2 survivors (2048K)
 Metaspace       used 54373K, committed 54976K, reserved 491520K
  class space    used 7541K, committed 7808K, reserved 425984K
}
Event: 57.243 GC heap after
{Heap after GC invocations=24 (full 0):
 garbage-first heap   total 86016K, used 51969K [0x0000000080000000, 0x0000000100000000)
  region size 1024K, 3 young (3072K), 3 survivors (3072K)
 Metaspace       used 54373K, committed 54976K, reserved 491520K
  class space    used 7541K, committed 7808K, reserved 425984K
}
Event: 57.277 GC heap before
{Heap before GC invocations=24 (full 0):
 garbage-first heap   total 86016K, used 52993K [0x0000000080000000, 0x0000000100000000)
  region size 1024K, 4 young (4096K), 3 survivors (3072K)
 Metaspace       used 54384K, committed 54976K, reserved 491520K
  class space    used 7541K, committed 7808K, reserved 425984K
}
Event: 57.286 GC heap after
{Heap after GC invocations=25 (full 0):
 garbage-first heap   total 86016K, used 51878K [0x0000000080000000, 0x0000000100000000)
  region size 1024K, 1 young (1024K), 1 survivors (1024K)
 Metaspace       used 54384K, committed 54976K, reserved 491520K
  class space    used 7541K, committed 7808K, reserved 425984K
}
Event: 58.433 GC heap before
{Heap before GC invocations=25 (full 0):
 garbage-first heap   total 86016K, used 69286K [0x0000000080000000, 0x0000000100000000)
  region size 1024K, 18 young (18432K), 1 survivors (1024K)
 Metaspace       used 56122K, committed 56768K, reserved 491520K
  class space    used 7797K, committed 8064K, reserved 425984K
}
Event: 58.435 GC heap after
{Heap after GC invocations=26 (full 0):
 garbage-first heap   total 86016K, used 52414K [0x0000000080000000, 0x0000000100000000)
  region size 1024K, 1 young (1024K), 1 survivors (1024K)
 Metaspace       used 56122K, committed 56768K, reserved 491520K
  class space    used 7797K, committed 8064K, reserved 425984K
}
Event: 61.518 GC heap before
{Heap before GC invocations=27 (full 0):
 garbage-first heap   total 92160K, used 70846K [0x0000000080000000, 0x0000000100000000)
  region size 1024K, 19 young (19456K), 1 survivors (1024K)
 Metaspace       used 57113K, committed 57728K, reserved 491520K
  class space    used 7951K, committed 8256K, reserved 425984K
}
Event: 61.521 GC heap after
{Heap after GC invocations=28 (full 0):
 garbage-first heap   total 92160K, used 53953K [0x0000000080000000, 0x0000000100000000)
  region size 1024K, 3 young (3072K), 3 survivors (3072K)
 Metaspace       used 57113K, committed 57728K, reserved 491520K
  class space    used 7951K, committed 8256K, reserved 425984K
}
Event: 61.531 GC heap before
{Heap before GC invocations=28 (full 0):
 garbage-first heap   total 92160K, used 54977K [0x0000000080000000, 0x0000000100000000)
  region size 1024K, 4 young (4096K), 3 survivors (3072K)
 Metaspace       used 57167K, committed 57792K, reserved 491520K
  class space    used 7958K, committed 8256K, reserved 425984K
}
Event: 61.541 GC heap after
{Heap after GC invocations=29 (full 0):
 garbage-first heap   total 92160K, used 53560K [0x0000000080000000, 0x0000000100000000)
  region size 1024K, 1 young (1024K), 1 survivors (1024K)
 Metaspace       used 57167K, committed 57792K, reserved 491520K
  class space    used 7958K, committed 8256K, reserved 425984K
}
Event: 64.120 GC heap before
{Heap before GC invocations=29 (full 0):
 garbage-first heap   total 92160K, used 76088K [0x0000000080000000, 0x0000000100000000)
  region size 1024K, 23 young (23552K), 1 survivors (1024K)
 Metaspace       used 58575K, committed 59200K, reserved 491520K
  class space    used 8146K, committed 8448K, reserved 425984K
}

